# JRE version: Java(TM) SE Runtime Environment (17.0.12+8) (build 17.0.12+8-LTS-286)
# Java VM: Java HotSpot(TM) 64-Bit Server VM (17.0.12+8-LTS-286, mixed mode, sharing, tiered, compressed oops, compressed class ptrs, g1 gc, windows-amd64)
GC Precious Log:
 CPUs: 8 total, 8 available
 Memory: 8067M
 Large Page Support: Disabled
 NUMA Support: Disabled
 Compressed Oops: Enabled (32-bit)
 Heap Region Size: 1M
 Heap Min Capacity: 8M
 Heap Initial Capacity: 128M
 Heap Max Capacity: 2018M
 Pre-touch: Disabled
 Parallel Workers: 8
 Concurrent Workers: 2
 Concurrent Refinement Workers: 8
 Periodic GC: Disabled
Heap:
 garbage-first heap   total 131072K, used 6763K [0x0000000081e00000, 0x0000000100000000)
  region size 1024K, 2 young (2048K), 1 survivors (1024K)
 Metaspace       used 12986K, committed 13184K, reserved 1114112K
  class space    used 1381K, committed 1472K, reserved 1048576K
GC Heap History (10 events):
Event: 16.998 GC heap before
{Heap before GC invocations=0 (full 0):
 garbage-first heap   total 131072K, used 26624K [0x0000000081e00000, 0x0000000100000000)
  region size 1024K, 23 young (23552K), 0 survivors (0K)
 Metaspace       used 7195K, committed 7360K, reserved 1114112K
  class space    used 671K, committed 704K, reserved 1048576K
}
Event: 19.146 GC heap after
{Heap after GC invocations=1 (full 0):
 garbage-first heap   total 131072K, used 6058K [0x0000000081e00000, 0x0000000100000000)
  region size 1024K, 3 young (3072K), 3 survivors (3072K)
 Metaspace       used 7195K, committed 7360K, reserved 1114112K
  class space    used 671K, committed 704K, reserved 1048576K
}
Event: 20.485 GC heap before
{Heap before GC invocations=1 (full 0):
 garbage-first heap   total 131072K, used 8106K [0x0000000081e00000, 0x0000000100000000)
  region size 1024K, 6 young (6144K), 3 survivors (3072K)
 Metaspace       used 8207K, committed 8320K, reserved 1114112K
  class space    used 776K, committed 832K, reserved 1048576K
}
Event: 20.488 GC heap after
{Heap after GC invocations=2 (full 0):
 garbage-first heap   total 131072K, used 6296K [0x0000000081e00000, 0x0000000100000000)
  region size 1024K, 1 young (1024K), 1 survivors (1024K)
 Metaspace       used 8207K, committed 8320K, reserved 1114112K
  class space    used 776K, committed 832K, reserved 1048576K
}
Event: 22.752 GC heap before
{Heap before GC invocations=2 (full 0):
 garbage-first heap   total 131072K, used 11416K [0x0000000081e00000, 0x0000000100000000)
  region size 1024K, 6 young (6144K), 1 survivors (1024K)
 Metaspace       used 9844K, committed 10112K, reserved 1114112K
  class space    used 1014K, committed 1152K, reserved 1048576K
}
Event: 22.753 GC heap after
{Heap after GC invocations=3 (full 0):
 garbage-first heap   total 131072K, used 6351K [0x0000000081e00000, 0x0000000100000000)
  region size 1024K, 1 young (1024K), 1 survivors (1024K)
 Metaspace       used 9844K, committed 10112K, reserved 1114112K
  class space    used 1014K, committed 1152K, reserved 1048576K
}
Event: 23.902 GC heap before
{Heap before GC invocations=3 (full 0):
 garbage-first heap   total 131072K, used 10447K [0x0000000081e00000, 0x0000000100000000)
  region size 1024K, 6 young (6144K), 1 survivors (1024K)
 Metaspace       used 11274K, committed 11520K, reserved 1114112K
  class space    used 1172K, committed 1280K, reserved 1048576K
}
Event: 23.903 GC heap after
{Heap after GC invocations=4 (full 0):
 garbage-first heap   total 131072K, used 6553K [0x0000000081e00000, 0x0000000100000000)
  region size 1024K, 1 young (1024K), 1 survivors (1024K)
 Metaspace       used 11274K, committed 11520K, reserved 1114112K
  class space    used 1172K, committed 1280K, reserved 1048576K
}
Event: 25.631 GC heap before
{Heap before GC invocations=4 (full 0):
 garbage-first heap   total 131072K, used 10649K [0x0000000081e00000, 0x0000000100000000)
  region size 1024K, 6 young (6144K), 1 survivors (1024K)
 Metaspace       used 12730K, committed 12928K, reserved 1114112K
  class space    used 1342K, committed 1472K, reserved 1048576K
}
Event: 25.633 GC heap after
{Heap after GC invocations=5 (full 0):
 garbage-first heap   total 131072K, used 6763K [0x0000000081e00000, 0x0000000100000000)
  region size 1024K, 1 young (1024K), 1 survivors (1024K)
 Metaspace       used 12730K, committed 12928K, reserved 1114112K
  class space    used 1342K, committed 1472K, reserved 1048576K
}

